{
  "stats": {
    "suites": 12,
    "tests": 0,
    "passes": 0,
    "pending": 0,
    "failures": 0,
    "start": "2021-12-09T18:24:15.345Z",
    "end": "2021-12-09T18:24:19.702Z",
    "duration": 4357,
    "testsRegistered": 41,
    "passPercent": 0,
    "pendingPercent": 0,
    "other": 12,
    "hasOther": true,
    "skipped": 41,
    "hasSkipped": true
  },
  "results": [
    {
      "uuid": "c83b60de-c9d6-4924-ae2b-1e4923180108",
      "title": "",
      "fullFile": "cypress/integration/project.spec.js",
      "file": "cypress/integration/project.spec.js",
      "beforeHooks": [],
      "afterHooks": [],
      "tests": [],
      "suites": [
        {
          "uuid": "695b1a8e-6ef1-43b9-a2a2-1e28314b5161",
          "title": "1 - Adicione à página o título \"Paleta de Cores\".",
          "fullFile": "",
          "file": "",
          "beforeHooks": [],
          "afterHooks": [],
          "tests": [
            {
              "title": "Verifica se contém um elemento `h1` com o id `title` com o título correto",
              "fullTitle": "1 - Adicione à página o título \"Paleta de Cores\". Verifica se contém um elemento `h1` com o id `title` com o título correto",
              "timedOut": null,
              "duration": 702,
              "state": "failed",
              "speed": null,
              "pass": false,
              "fail": true,
              "pending": false,
              "context": null,
              "code": "cy.get('h1#title').should('contain.text', 'Paleta de Cores');",
              "err": {
                "message": "Uncaught ReferenceError: let is not defined\n\nThis error originated from your application code, not from Cypress.\n\nWhen Cypress detects uncaught errors originating from your application it will automatically fail the current test.\n\nThis behavior is configurable, and you can choose to turn this off by listening to the 'uncaught:exception' event.\n\nhttps://on.cypress.io/uncaught-exception-from-application\n\nBecause this error occurred during a 'before each' hook we are skipping the remaining tests in the current suite: '1 - Adicione à página o tít...'",
                "estack": "Uncaught ReferenceError: let is not defined\n\nThis error originated from your application code, not from Cypress.\n\nWhen Cypress detects uncaught errors originating from your application it will automatically fail the current test.\n\nThis behavior is configurable, and you can choose to turn this off by listening to the 'uncaught:exception' event.\n\nhttps://on.cypress.io/uncaught-exception-from-application\n\nBecause this error occurred during a 'before each' hook we are skipping the remaining tests in the current suite: '1 - Adicione à página o tít...'\n    at http://localhost:40375/script.js:1:1",
                "diff": null
              },
              "uuid": "bb33aeb6-0b3d-4c69-bc30-72ece380bc01",
              "parentUUID": "695b1a8e-6ef1-43b9-a2a2-1e28314b5161",
              "isHook": false,
              "skipped": false
            }
          ],
          "suites": [],
          "passes": [],
          "failures": [
            "bb33aeb6-0b3d-4c69-bc30-72ece380bc01"
          ],
          "pending": [],
          "skipped": [],
          "duration": 702,
          "root": false,
          "rootEmpty": false,
          "_timeout": 2000
        },
        {
          "uuid": "c1d2babc-6d8a-403e-8f82-2b6ed93976f1",
          "title": "2 - Adicione à página uma paleta de quatro cores distintas.",
          "fullFile": "",
          "file": "",
          "beforeHooks": [],
          "afterHooks": [],
          "tests": [
            {
              "title": "A paleta de cores deve ser um elemento com `id` denominado `color-palette`",
              "fullTitle": "2 - Adicione à página uma paleta de quatro cores distintas. A paleta de cores deve ser um elemento com `id` denominado `color-palette`",
              "timedOut": null,
              "duration": 385,
              "state": "failed",
              "speed": null,
              "pass": false,
              "fail": true,
              "pending": false,
              "context": null,
              "code": "cy.get('#color-palette').should('be.visible');\ncy.get('#color-palette').children('.color');",
              "err": {
                "message": "Uncaught ReferenceError: let is not defined\n\nThis error originated from your application code, not from Cypress.\n\nWhen Cypress detects uncaught errors originating from your application it will automatically fail the current test.\n\nThis behavior is configurable, and you can choose to turn this off by listening to the 'uncaught:exception' event.\n\nhttps://on.cypress.io/uncaught-exception-from-application\n\nBecause this error occurred during a 'before each' hook we are skipping the remaining tests in the current suite: '2 - Adicione à página uma p...'",
                "estack": "Uncaught ReferenceError: let is not defined\n\nThis error originated from your application code, not from Cypress.\n\nWhen Cypress detects uncaught errors originating from your application it will automatically fail the current test.\n\nThis behavior is configurable, and you can choose to turn this off by listening to the 'uncaught:exception' event.\n\nhttps://on.cypress.io/uncaught-exception-from-application\n\nBecause this error occurred during a 'before each' hook we are skipping the remaining tests in the current suite: '2 - Adicione à página uma p...'\n    at http://localhost:40375/script.js:1:1",
                "diff": null
              },
              "uuid": "6fb1e577-9a7b-4e02-9073-439759d5e224",
              "parentUUID": "c1d2babc-6d8a-403e-8f82-2b6ed93976f1",
              "isHook": false,
              "skipped": false
            },
            {
              "title": "Verifica se cada cor individual da paleta de cores possui a `classe` chamada `color`.",
              "fullTitle": "2 - Adicione à página uma paleta de quatro cores distintas. Verifica se cada cor individual da paleta de cores possui a `classe` chamada `color`.",
              "timedOut": null,
              "duration": 0,
              "state": "skipped",
              "speed": null,
              "pass": false,
              "fail": false,
              "pending": false,
              "context": null,
              "code": "cy.get('.color').should('have.length', 4).then(function (colors) {\n  for (var i = 0; i < colors.length; i++) {\n    cy.wrap(colors[i]).should('be.visible');\n  }\n});",
              "err": {},
              "uuid": "53ab8cfb-d7b8-48eb-86d8-2a6fa52148da",
              "parentUUID": "c1d2babc-6d8a-403e-8f82-2b6ed93976f1",
              "isHook": false,
              "skipped": true
            },
            {
              "title": "Verifica se a cor de fundo de cada elemento da paleta é a cor que o elemento representa. **A única cor não permitida na paleta é a cor branca.**",
              "fullTitle": "2 - Adicione à página uma paleta de quatro cores distintas. Verifica se a cor de fundo de cada elemento da paleta é a cor que o elemento representa. **A única cor não permitida na paleta é a cor branca.**",
              "timedOut": null,
              "duration": 0,
              "state": "skipped",
              "speed": null,
              "pass": false,
              "fail": false,
              "pending": false,
              "context": null,
              "code": "cy.get('.color').each(function (color) {\n  cy.wrap(color).should('have.class', 'color').and('not.have.css', 'background-color', WHITE);\n  cy.wrap(color).should('have.css', 'background-color');\n});",
              "err": {},
              "uuid": "08ac1e7c-e9f8-4f5b-ae83-dca819156696",
              "parentUUID": "c1d2babc-6d8a-403e-8f82-2b6ed93976f1",
              "isHook": false,
              "skipped": true
            },
            {
              "title": "Verifica se cada elemento da paleta de cores tem uma borda preta, sólida e com 1 pixel de largura;",
              "fullTitle": "2 - Adicione à página uma paleta de quatro cores distintas. Verifica se cada elemento da paleta de cores tem uma borda preta, sólida e com 1 pixel de largura;",
              "timedOut": null,
              "duration": 0,
              "state": "skipped",
              "speed": null,
              "pass": false,
              "fail": false,
              "pending": false,
              "context": null,
              "code": "cy.get('.color').each(function (color) {\n  cy.wrap(color).and('have.css', 'border', \"1px solid \".concat(BLACK)).and('have.class', 'color');\n});",
              "err": {},
              "uuid": "15179d8e-711a-4769-bee1-11f7fc87f9e1",
              "parentUUID": "c1d2babc-6d8a-403e-8f82-2b6ed93976f1",
              "isHook": false,
              "skipped": true
            },
            {
              "title": "Verifica se a paleta lista todas as cores disponíveis para utilização, lado a lado.",
              "fullTitle": "2 - Adicione à página uma paleta de quatro cores distintas. Verifica se a paleta lista todas as cores disponíveis para utilização, lado a lado.",
              "timedOut": null,
              "duration": 0,
              "state": "skipped",
              "speed": null,
              "pass": false,
              "fail": false,
              "pending": false,
              "context": null,
              "code": "cy.get('.color').then(function (colors) {\n  for (var index = 1; index < colors.length; index += 1) {\n    var currentColor = colors[index];\n    var previousColor = colors[index - 1];\n    cy.wrap(currentColor).should('be.onTheRightOf', previousColor).and('be.horizontallyAlignedWith', previousColor);\n  }\n});",
              "err": {},
              "uuid": "e94e6983-5d91-4309-8ac7-2ac43c3ac433",
              "parentUUID": "c1d2babc-6d8a-403e-8f82-2b6ed93976f1",
              "isHook": false,
              "skipped": true
            },
            {
              "title": "Verifica se a paleta de cores está posicionada abaixo do título 'Paleta de Cores'",
              "fullTitle": "2 - Adicione à página uma paleta de quatro cores distintas. Verifica se a paleta de cores está posicionada abaixo do título 'Paleta de Cores'",
              "timedOut": null,
              "duration": 0,
              "state": "skipped",
              "speed": null,
              "pass": false,
              "fail": false,
              "pending": false,
              "context": null,
              "code": "cy.get('h1#title').then(function (title) {\n  cy.get('#color-palette').should('be.belowOf', title);\n});",
              "err": {},
              "uuid": "74bd09d7-bc31-4470-8dde-f573ad12c468",
              "parentUUID": "c1d2babc-6d8a-403e-8f82-2b6ed93976f1",
              "isHook": false,
              "skipped": true
            },
            {
              "title": "Verifica se a paleta de cores não contém cores repetidas.",
              "fullTitle": "2 - Adicione à página uma paleta de quatro cores distintas. Verifica se a paleta de cores não contém cores repetidas.",
              "timedOut": null,
              "duration": 0,
              "state": "skipped",
              "speed": null,
              "pass": false,
              "fail": false,
              "pending": false,
              "context": null,
              "code": "cy.get('.color').then(function (colors) {\n  var allColors = Array.from(colors).map(function (color) {\n    return Cypress.$(color).css('background-color');\n  });\n  cy.log(allColors);\n  var uniqColors = (0, _toConsumableArray2[\"default\"])(new Set(allColors));\n  cy.log(uniqColors);\n  expect(allColors.length).to.eq(uniqColors.length);\n});",
              "err": {},
              "uuid": "19fb08fb-4c2b-49e3-b8e5-6bb6672e8ee0",
              "parentUUID": "c1d2babc-6d8a-403e-8f82-2b6ed93976f1",
              "isHook": false,
              "skipped": true
            }
          ],
          "suites": [],
          "passes": [],
          "failures": [
            "6fb1e577-9a7b-4e02-9073-439759d5e224"
          ],
          "pending": [],
          "skipped": [
            "53ab8cfb-d7b8-48eb-86d8-2a6fa52148da",
            "08ac1e7c-e9f8-4f5b-ae83-dca819156696",
            "15179d8e-711a-4769-bee1-11f7fc87f9e1",
            "e94e6983-5d91-4309-8ac7-2ac43c3ac433",
            "74bd09d7-bc31-4470-8dde-f573ad12c468",
            "19fb08fb-4c2b-49e3-b8e5-6bb6672e8ee0"
          ],
          "duration": 385,
          "root": false,
          "rootEmpty": false,
          "_timeout": 2000
        },
        {
          "uuid": "9a742f53-2b6f-4873-8e9f-7974a41b4843",
          "title": "3 - Adicione a cor **preta** como a primeira cor da paleta de cores.",
          "fullFile": "",
          "file": "",
          "beforeHooks": [],
          "afterHooks": [],
          "tests": [
            {
              "title": "Verifica se a primeira cor da paleta é preta",
              "fullTitle": "3 - Adicione a cor **preta** como a primeira cor da paleta de cores. Verifica se a primeira cor da paleta é preta",
              "timedOut": null,
              "duration": 385,
              "state": "failed",
              "speed": null,
              "pass": false,
              "fail": true,
              "pending": false,
              "context": null,
              "code": "cy.get('.color').first().should('have.css', 'background-color', BLACK);",
              "err": {
                "message": "Uncaught ReferenceError: let is not defined\n\nThis error originated from your application code, not from Cypress.\n\nWhen Cypress detects uncaught errors originating from your application it will automatically fail the current test.\n\nThis behavior is configurable, and you can choose to turn this off by listening to the 'uncaught:exception' event.\n\nhttps://on.cypress.io/uncaught-exception-from-application\n\nBecause this error occurred during a 'before each' hook we are skipping the remaining tests in the current suite: '3 - Adicione a cor **preta*...'",
                "estack": "Uncaught ReferenceError: let is not defined\n\nThis error originated from your application code, not from Cypress.\n\nWhen Cypress detects uncaught errors originating from your application it will automatically fail the current test.\n\nThis behavior is configurable, and you can choose to turn this off by listening to the 'uncaught:exception' event.\n\nhttps://on.cypress.io/uncaught-exception-from-application\n\nBecause this error occurred during a 'before each' hook we are skipping the remaining tests in the current suite: '3 - Adicione a cor **preta*...'\n    at http://localhost:40375/script.js:1:1",
                "diff": null
              },
              "uuid": "c819937d-0359-468d-beb3-67c08b6dd1ce",
              "parentUUID": "9a742f53-2b6f-4873-8e9f-7974a41b4843",
              "isHook": false,
              "skipped": false
            },
            {
              "title": "Verifica se as demais cores podem ser escolhidas livremente.",
              "fullTitle": "3 - Adicione a cor **preta** como a primeira cor da paleta de cores. Verifica se as demais cores podem ser escolhidas livremente.",
              "timedOut": null,
              "duration": 0,
              "state": "skipped",
              "speed": null,
              "pass": false,
              "fail": false,
              "pending": false,
              "context": null,
              "code": "cy.get('.color').eq(1).should('not.have.css', 'background-color', BLACK);\ncy.get('.color').eq(1).should('not.have.css', 'background-color', WHITE);\ncy.get('.color').eq(1).should('not.have.css', 'background-color', 'rgba(0, 0, 0, 0)');\ncy.get('.color').eq(1).should('have.css', 'background-color');\ncy.get('.color').eq(2).should('not.have.css', 'background-color', BLACK);\ncy.get('.color').eq(2).should('not.have.css', 'background-color', WHITE);\ncy.get('.color').eq(2).should('not.have.css', 'background-color', 'rgba(0, 0, 0, 0)');\ncy.get('.color').eq(2).should('have.css', 'background-color');\ncy.get('.color').eq(3).should('not.have.css', 'background-color', BLACK);\ncy.get('.color').eq(3).should('not.have.css', 'background-color', WHITE);\ncy.get('.color').eq(3).should('not.have.css', 'background-color', 'rgba(0, 0, 0, 0)');\ncy.get('.color').eq(3).should('have.css', 'background-color');",
              "err": {},
              "uuid": "a0c80259-d5a8-4cc8-a6f5-539c5fb3a0b2",
              "parentUUID": "9a742f53-2b6f-4873-8e9f-7974a41b4843",
              "isHook": false,
              "skipped": true
            }
          ],
          "suites": [],
          "passes": [],
          "failures": [
            "c819937d-0359-468d-beb3-67c08b6dd1ce"
          ],
          "pending": [],
          "skipped": [
            "a0c80259-d5a8-4cc8-a6f5-539c5fb3a0b2"
          ],
          "duration": 385,
          "root": false,
          "rootEmpty": false,
          "_timeout": 2000
        },
        {
          "uuid": "6b85272d-e3aa-4e60-af14-a22d32c7302b",
          "title": "4 - Adicione à página um quadro de pixels, com 25 pixels.",
          "fullFile": "",
          "file": "",
          "beforeHooks": [],
          "afterHooks": [],
          "tests": [
            {
              "title": "Verifica se o quadro de pixels possui o `id` denominado `pixel-board`",
              "fullTitle": "4 - Adicione à página um quadro de pixels, com 25 pixels. Verifica se o quadro de pixels possui o `id` denominado `pixel-board`",
              "timedOut": null,
              "duration": 275,
              "state": "failed",
              "speed": null,
              "pass": false,
              "fail": true,
              "pending": false,
              "context": null,
              "code": "cy.get('#pixel-board').should('be.visible');",
              "err": {
                "message": "Uncaught ReferenceError: let is not defined\n\nThis error originated from your application code, not from Cypress.\n\nWhen Cypress detects uncaught errors originating from your application it will automatically fail the current test.\n\nThis behavior is configurable, and you can choose to turn this off by listening to the 'uncaught:exception' event.\n\nhttps://on.cypress.io/uncaught-exception-from-application\n\nBecause this error occurred during a 'before each' hook we are skipping the remaining tests in the current suite: '4 - Adicione à página um qu...'",
                "estack": "Uncaught ReferenceError: let is not defined\n\nThis error originated from your application code, not from Cypress.\n\nWhen Cypress detects uncaught errors originating from your application it will automatically fail the current test.\n\nThis behavior is configurable, and you can choose to turn this off by listening to the 'uncaught:exception' event.\n\nhttps://on.cypress.io/uncaught-exception-from-application\n\nBecause this error occurred during a 'before each' hook we are skipping the remaining tests in the current suite: '4 - Adicione à página um qu...'\n    at http://localhost:40375/script.js:1:1",
                "diff": null
              },
              "uuid": "93f1d2d1-de6b-4743-9257-bb57e0010a3a",
              "parentUUID": "6b85272d-e3aa-4e60-af14-a22d32c7302b",
              "isHook": false,
              "skipped": false
            },
            {
              "title": "Verifica se cada pixel individual dentro do quadro possui a `classe` denominada `pixel`.",
              "fullTitle": "4 - Adicione à página um quadro de pixels, com 25 pixels. Verifica se cada pixel individual dentro do quadro possui a `classe` denominada `pixel`.",
              "timedOut": null,
              "duration": 0,
              "state": "skipped",
              "speed": null,
              "pass": false,
              "fail": false,
              "pending": false,
              "context": null,
              "code": "cy.get('.pixel').should('have.length', 25);",
              "err": {},
              "uuid": "dd2ee53f-3000-46c1-a610-00c29c0dab0e",
              "parentUUID": "6b85272d-e3aa-4e60-af14-a22d32c7302b",
              "isHook": false,
              "skipped": true
            },
            {
              "title": "Verifica se a cor inicial dos pixels dentro do quadro, ao abrir a página, é branca.",
              "fullTitle": "4 - Adicione à página um quadro de pixels, com 25 pixels. Verifica se a cor inicial dos pixels dentro do quadro, ao abrir a página, é branca.",
              "timedOut": null,
              "duration": 0,
              "state": "skipped",
              "speed": null,
              "pass": false,
              "fail": false,
              "pending": false,
              "context": null,
              "code": "cy.get('.pixel').should('have.length', 25).each(function (pixel) {\n  expect(pixel).to.have.css('background-color', WHITE);\n});",
              "err": {},
              "uuid": "dddf51b0-e75a-4473-bef5-ffa41568e197",
              "parentUUID": "6b85272d-e3aa-4e60-af14-a22d32c7302b",
              "isHook": false,
              "skipped": true
            },
            {
              "title": "Verifica se o quadro de pixels aparece abaixo da paleta de cores",
              "fullTitle": "4 - Adicione à página um quadro de pixels, com 25 pixels. Verifica se o quadro de pixels aparece abaixo da paleta de cores",
              "timedOut": null,
              "duration": 0,
              "state": "skipped",
              "speed": null,
              "pass": false,
              "fail": false,
              "pending": false,
              "context": null,
              "code": "cy.get('#color-palette').then(function (palette) {\n  cy.get('#pixel-board').should('be.belowOf', palette);\n});",
              "err": {},
              "uuid": "b69f27bf-1aad-4c15-8bd2-54417e7d2334",
              "parentUUID": "6b85272d-e3aa-4e60-af14-a22d32c7302b",
              "isHook": false,
              "skipped": true
            }
          ],
          "suites": [],
          "passes": [],
          "failures": [
            "93f1d2d1-de6b-4743-9257-bb57e0010a3a"
          ],
          "pending": [],
          "skipped": [
            "dd2ee53f-3000-46c1-a610-00c29c0dab0e",
            "dddf51b0-e75a-4473-bef5-ffa41568e197",
            "b69f27bf-1aad-4c15-8bd2-54417e7d2334"
          ],
          "duration": 275,
          "root": false,
          "rootEmpty": false,
          "_timeout": 2000
        },
        {
          "uuid": "e076b059-10b5-4db9-a8cf-da10866b1474",
          "title": "5 - Faça com que cada elemento do quadro de pixels possua 40 pixels de largura, 40 pixels de altura e seja delimitado por uma borda preta de 1 pixel.",
          "fullFile": "",
          "file": "",
          "beforeHooks": [],
          "afterHooks": [],
          "tests": [
            {
              "title": "Verifica se o quadro de pixels tem altura e comprimento de 5 elementos",
              "fullTitle": "5 - Faça com que cada elemento do quadro de pixels possua 40 pixels de largura, 40 pixels de altura e seja delimitado por uma borda preta de 1 pixel. Verifica se o quadro de pixels tem altura e comprimento de 5 elementos",
              "timedOut": null,
              "duration": 347,
              "state": "failed",
              "speed": null,
              "pass": false,
              "fail": true,
              "pending": false,
              "context": null,
              "code": "cy.get('.pixel').should('have.length', 25).each(function (pixel) {\n  expect(pixel).to.have.css('background-color', WHITE);\n}).and(function (pixels) {\n  var rows = chunk(pixels, 5);\n  rows.forEach(function (row) {\n    for (var index = 1; index < row.length; index += 1) {\n      var current = pixels[index];\n      var previous = pixels[index - 1];\n      cy.wrap(current).should('be.onTheRightOf', previous).and('be.horizontallyAlignedWith', previous);\n    }\n  });\n  for (var index = 1; index < 5; index += 1) {\n    expect(pixels[index * 5]).to.be.belowOf(pixels[(index - 1) * 5]);\n  }\n});",
              "err": {
                "message": "Uncaught ReferenceError: let is not defined\n\nThis error originated from your application code, not from Cypress.\n\nWhen Cypress detects uncaught errors originating from your application it will automatically fail the current test.\n\nThis behavior is configurable, and you can choose to turn this off by listening to the 'uncaught:exception' event.\n\nhttps://on.cypress.io/uncaught-exception-from-application\n\nBecause this error occurred during a 'before each' hook we are skipping the remaining tests in the current suite: '5 - Faça com que cada eleme...'",
                "estack": "Uncaught ReferenceError: let is not defined\n\nThis error originated from your application code, not from Cypress.\n\nWhen Cypress detects uncaught errors originating from your application it will automatically fail the current test.\n\nThis behavior is configurable, and you can choose to turn this off by listening to the 'uncaught:exception' event.\n\nhttps://on.cypress.io/uncaught-exception-from-application\n\nBecause this error occurred during a 'before each' hook we are skipping the remaining tests in the current suite: '5 - Faça com que cada eleme...'\n    at http://localhost:40375/script.js:1:1",
                "diff": null
              },
              "uuid": "64715fff-d755-4ae5-8699-16b6aaee5209",
              "parentUUID": "e076b059-10b5-4db9-a8cf-da10866b1474",
              "isHook": false,
              "skipped": false
            },
            {
              "title": "Verifica se 40 pixels é o tamanho total do elemento, incluindo seu conteúdo e excluindo a borda preta, que deve ser criada à parte.",
              "fullTitle": "5 - Faça com que cada elemento do quadro de pixels possua 40 pixels de largura, 40 pixels de altura e seja delimitado por uma borda preta de 1 pixel. Verifica se 40 pixels é o tamanho total do elemento, incluindo seu conteúdo e excluindo a borda preta, que deve ser criada à parte.",
              "timedOut": null,
              "duration": 0,
              "state": "skipped",
              "speed": null,
              "pass": false,
              "fail": false,
              "pending": false,
              "context": null,
              "code": "cy.get('.pixel').each(function (pixel) {\n  cy.wrap(pixel).should('have.css', 'height', '40px').and('have.css', 'width', '40px').and('have.css', 'border', \"1px solid \".concat(BLACK));\n});",
              "err": {},
              "uuid": "9b4c0f13-7def-4f93-87b5-b0bf6fc13ae9",
              "parentUUID": "e076b059-10b5-4db9-a8cf-da10866b1474",
              "isHook": false,
              "skipped": true
            }
          ],
          "suites": [],
          "passes": [],
          "failures": [
            "64715fff-d755-4ae5-8699-16b6aaee5209"
          ],
          "pending": [],
          "skipped": [
            "9b4c0f13-7def-4f93-87b5-b0bf6fc13ae9"
          ],
          "duration": 347,
          "root": false,
          "rootEmpty": false,
          "_timeout": 2000
        },
        {
          "uuid": "10b30937-4240-4f99-be32-326c90eb9ad9",
          "title": "6 - Defina a cor preta como cor inicial. Ao carregar a página a cor preta já deve estar selecionada para pintar os pixels",
          "fullFile": "",
          "file": "",
          "beforeHooks": [],
          "afterHooks": [],
          "tests": [
            {
              "title": "Verifica se o elemento da cor preta possui, inicialmente, a `classe` `selected`",
              "fullTitle": "6 - Defina a cor preta como cor inicial. Ao carregar a página a cor preta já deve estar selecionada para pintar os pixels Verifica se o elemento da cor preta possui, inicialmente, a `classe` `selected`",
              "timedOut": null,
              "duration": 267,
              "state": "failed",
              "speed": null,
              "pass": false,
              "fail": true,
              "pending": false,
              "context": null,
              "code": "cy.get('.selected').first().should('have.css', 'background-color', BLACK);",
              "err": {
                "message": "Uncaught ReferenceError: let is not defined\n\nThis error originated from your application code, not from Cypress.\n\nWhen Cypress detects uncaught errors originating from your application it will automatically fail the current test.\n\nThis behavior is configurable, and you can choose to turn this off by listening to the 'uncaught:exception' event.\n\nhttps://on.cypress.io/uncaught-exception-from-application\n\nBecause this error occurred during a 'before each' hook we are skipping the remaining tests in the current suite: '6 - Defina a cor preta como...'",
                "estack": "Uncaught ReferenceError: let is not defined\n\nThis error originated from your application code, not from Cypress.\n\nWhen Cypress detects uncaught errors originating from your application it will automatically fail the current test.\n\nThis behavior is configurable, and you can choose to turn this off by listening to the 'uncaught:exception' event.\n\nhttps://on.cypress.io/uncaught-exception-from-application\n\nBecause this error occurred during a 'before each' hook we are skipping the remaining tests in the current suite: '6 - Defina a cor preta como...'\n    at http://localhost:40375/script.js:1:1",
                "diff": null
              },
              "uuid": "71ee2c7f-d1c1-4fee-9f18-4799a4a2ac4e",
              "parentUUID": "10b30937-4240-4f99-be32-326c90eb9ad9",
              "isHook": false,
              "skipped": false
            },
            {
              "title": "Verifica se nenhuma outra cor da paleta tem a `classe` `selected`",
              "fullTitle": "6 - Defina a cor preta como cor inicial. Ao carregar a página a cor preta já deve estar selecionada para pintar os pixels Verifica se nenhuma outra cor da paleta tem a `classe` `selected`",
              "timedOut": null,
              "duration": 0,
              "state": "skipped",
              "speed": null,
              "pass": false,
              "fail": false,
              "pending": false,
              "context": null,
              "code": "cy.get('.color:not(:first-child)').each(function (color) {\n  cy.wrap(color).should('not.have.class', 'selected');\n});",
              "err": {},
              "uuid": "c8e198c9-abbb-4bef-99f9-2a9e910e350c",
              "parentUUID": "10b30937-4240-4f99-be32-326c90eb9ad9",
              "isHook": false,
              "skipped": true
            }
          ],
          "suites": [],
          "passes": [],
          "failures": [
            "71ee2c7f-d1c1-4fee-9f18-4799a4a2ac4e"
          ],
          "pending": [],
          "skipped": [
            "c8e198c9-abbb-4bef-99f9-2a9e910e350c"
          ],
          "duration": 267,
          "root": false,
          "rootEmpty": false,
          "_timeout": 2000
        },
        {
          "uuid": "43211a26-33ed-4fe1-8d70-e720b409d9a3",
          "title": "7 - Clicar em uma das cores da paleta, faz com que ela seja selecionada e utilizada para preencher os pixels no quadro.",
          "fullFile": "",
          "file": "",
          "beforeHooks": [],
          "afterHooks": [],
          "tests": [
            {
              "title": "Verifica se somente uma cor da paleta de cores tem a classe `selected` de cada vez",
              "fullTitle": "7 - Clicar em uma das cores da paleta, faz com que ela seja selecionada e utilizada para preencher os pixels no quadro. Verifica se somente uma cor da paleta de cores tem a classe `selected` de cada vez",
              "timedOut": null,
              "duration": 302,
              "state": "failed",
              "speed": null,
              "pass": false,
              "fail": true,
              "pending": false,
              "context": null,
              "code": "cy.get('.color').each(function (selectedColor, selectedColorIndex) {\n  cy.wrap(selectedColor).click();\n  cy.get('.color').each(function (color, colorIndex) {\n    if (colorIndex === selectedColorIndex) {\n      expect(color).to.have[\"class\"]('selected');\n    } else {\n      expect(color).not.to.have[\"class\"]('selected');\n    }\n  });\n});",
              "err": {
                "message": "Uncaught ReferenceError: let is not defined\n\nThis error originated from your application code, not from Cypress.\n\nWhen Cypress detects uncaught errors originating from your application it will automatically fail the current test.\n\nThis behavior is configurable, and you can choose to turn this off by listening to the 'uncaught:exception' event.\n\nhttps://on.cypress.io/uncaught-exception-from-application\n\nBecause this error occurred during a 'before each' hook we are skipping the remaining tests in the current suite: '7 - Clicar em uma das cores...'",
                "estack": "Uncaught ReferenceError: let is not defined\n\nThis error originated from your application code, not from Cypress.\n\nWhen Cypress detects uncaught errors originating from your application it will automatically fail the current test.\n\nThis behavior is configurable, and you can choose to turn this off by listening to the 'uncaught:exception' event.\n\nhttps://on.cypress.io/uncaught-exception-from-application\n\nBecause this error occurred during a 'before each' hook we are skipping the remaining tests in the current suite: '7 - Clicar em uma das cores...'\n    at http://localhost:40375/script.js:1:1",
                "diff": null
              },
              "uuid": "1863d57c-798f-4a66-8d4b-6dd1ae7e4dbb",
              "parentUUID": "43211a26-33ed-4fe1-8d70-e720b409d9a3",
              "isHook": false,
              "skipped": false
            },
            {
              "title": "Verifica se os pixels dentro do quadro não têm a classe `selected` quando são clicados",
              "fullTitle": "7 - Clicar em uma das cores da paleta, faz com que ela seja selecionada e utilizada para preencher os pixels no quadro. Verifica se os pixels dentro do quadro não têm a classe `selected` quando são clicados",
              "timedOut": null,
              "duration": 0,
              "state": "skipped",
              "speed": null,
              "pass": false,
              "fail": false,
              "pending": false,
              "context": null,
              "code": "cy.get('.color').each(function (color) {\n  var backgroundColor = color.css('background-color');\n  cy.wrap(color).click();\n  cy.get('.pixel').each(function (pixel) {\n    cy.wrap(pixel).click().should('not.have.class', 'selected');\n  });\n});",
              "err": {},
              "uuid": "484b07dd-2c40-4f35-b599-0b40cb715204",
              "parentUUID": "43211a26-33ed-4fe1-8d70-e720b409d9a3",
              "isHook": false,
              "skipped": true
            }
          ],
          "suites": [],
          "passes": [],
          "failures": [
            "1863d57c-798f-4a66-8d4b-6dd1ae7e4dbb"
          ],
          "pending": [],
          "skipped": [
            "484b07dd-2c40-4f35-b599-0b40cb715204"
          ],
          "duration": 302,
          "root": false,
          "rootEmpty": false,
          "_timeout": 2000
        },
        {
          "uuid": "127144bf-8de5-42b2-a178-abde50ff3ec1",
          "title": "8 - Clicar em um pixel dentro do quadro após selecionar uma cor na paleta, faz com que o pixel seja preenchido com a cor selecionada.",
          "fullFile": "",
          "file": "",
          "beforeHooks": [],
          "afterHooks": [],
          "tests": [
            {
              "title": "Verifica se ao carregar a página deve ser possível pintar os pixels de preto",
              "fullTitle": "8 - Clicar em um pixel dentro do quadro após selecionar uma cor na paleta, faz com que o pixel seja preenchido com a cor selecionada. Verifica se ao carregar a página deve ser possível pintar os pixels de preto",
              "timedOut": null,
              "duration": 279,
              "state": "failed",
              "speed": null,
              "pass": false,
              "fail": true,
              "pending": false,
              "context": null,
              "code": "cy.get('.pixel').each(function (pixel) {\n  cy.wrap(pixel).click().should('have.css', 'background-color', BLACK);\n});",
              "err": {
                "message": "Uncaught ReferenceError: let is not defined\n\nThis error originated from your application code, not from Cypress.\n\nWhen Cypress detects uncaught errors originating from your application it will automatically fail the current test.\n\nThis behavior is configurable, and you can choose to turn this off by listening to the 'uncaught:exception' event.\n\nhttps://on.cypress.io/uncaught-exception-from-application\n\nBecause this error occurred during a 'before each' hook we are skipping the remaining tests in the current suite: '8 - Clicar em um pixel dent...'",
                "estack": "Uncaught ReferenceError: let is not defined\n\nThis error originated from your application code, not from Cypress.\n\nWhen Cypress detects uncaught errors originating from your application it will automatically fail the current test.\n\nThis behavior is configurable, and you can choose to turn this off by listening to the 'uncaught:exception' event.\n\nhttps://on.cypress.io/uncaught-exception-from-application\n\nBecause this error occurred during a 'before each' hook we are skipping the remaining tests in the current suite: '8 - Clicar em um pixel dent...'\n    at http://localhost:40375/script.js:1:1",
                "diff": null
              },
              "uuid": "2cc4c240-d528-44a0-9cb9-cf77b9ec7f28",
              "parentUUID": "127144bf-8de5-42b2-a178-abde50ff3ec1",
              "isHook": false,
              "skipped": false
            },
            {
              "title": "Verifica se após selecionar uma outra cor na paleta, é possível pintar os pixels com essa cor",
              "fullTitle": "8 - Clicar em um pixel dentro do quadro após selecionar uma cor na paleta, faz com que o pixel seja preenchido com a cor selecionada. Verifica se após selecionar uma outra cor na paleta, é possível pintar os pixels com essa cor",
              "timedOut": null,
              "duration": 0,
              "state": "skipped",
              "speed": null,
              "pass": false,
              "fail": false,
              "pending": false,
              "context": null,
              "code": "cy.get('.color').each(function (color) {\n  var backgroundColor = color.css('background-color');\n  cy.wrap(color).click();\n  cy.get('.pixel').each(function (pixel) {\n    cy.wrap(pixel).click().should('have.css', 'background-color', backgroundColor);\n  });\n});",
              "err": {},
              "uuid": "9051fe60-b56b-483f-bb73-676c243dde6b",
              "parentUUID": "127144bf-8de5-42b2-a178-abde50ff3ec1",
              "isHook": false,
              "skipped": true
            },
            {
              "title": "Verifica se somente o pixel que foi clicado foi preenchido com a cor selecionada, sem influenciar na cor dos demais pixels.",
              "fullTitle": "8 - Clicar em um pixel dentro do quadro após selecionar uma cor na paleta, faz com que o pixel seja preenchido com a cor selecionada. Verifica se somente o pixel que foi clicado foi preenchido com a cor selecionada, sem influenciar na cor dos demais pixels.",
              "timedOut": null,
              "duration": 0,
              "state": "skipped",
              "speed": null,
              "pass": false,
              "fail": false,
              "pending": false,
              "context": null,
              "code": "var colorToPixelIndexMap = {\n  0: 6,\n  1: 8,\n  2: 16,\n  3: 18\n};\ncy.get('.color').each(function (color, index) {\n  cy.wrap(color).click();\n  var backgroundColor = color.css('background-color');\n  var clickedPixelIndex = colorToPixelIndexMap[index];\n  cy.get('.pixel').eq(clickedPixelIndex).click();\n  cy.get('.pixel').eq(clickedPixelIndex - 1).should('not.have.css', 'background-color', backgroundColor);\n  cy.get('.pixel').eq(clickedPixelIndex + 1).should('not.have.css', 'background-color', backgroundColor);\n  cy.get('.pixel').eq(clickedPixelIndex - 5).should('not.have.css', 'background-color', backgroundColor);\n  cy.get('.pixel').eq(clickedPixelIndex + 5).should('not.have.css', 'background-color', backgroundColor);\n  cy.get('.pixel').eq(clickedPixelIndex - 6).should('not.have.css', 'background-color', backgroundColor);\n  cy.get('.pixel').eq(clickedPixelIndex - 4).should('not.have.css', 'background-color', backgroundColor);\n  cy.get('.pixel').eq(clickedPixelIndex + 4).should('not.have.css', 'background-color', backgroundColor);\n  cy.get('.pixel').eq(clickedPixelIndex + 6).should('not.have.css', 'background-color', backgroundColor);\n});",
              "err": {},
              "uuid": "0ca59336-fb25-417e-8203-d412d2cbee5f",
              "parentUUID": "127144bf-8de5-42b2-a178-abde50ff3ec1",
              "isHook": false,
              "skipped": true
            }
          ],
          "suites": [],
          "passes": [],
          "failures": [
            "2cc4c240-d528-44a0-9cb9-cf77b9ec7f28"
          ],
          "pending": [],
          "skipped": [
            "9051fe60-b56b-483f-bb73-676c243dde6b",
            "0ca59336-fb25-417e-8203-d412d2cbee5f"
          ],
          "duration": 279,
          "root": false,
          "rootEmpty": false,
          "_timeout": 2000
        },
        {
          "uuid": "7a27bcb2-4388-472e-ae40-9393a37602a1",
          "title": "9 - Crie um botão que, ao ser clicado, limpa o quadro preenchendo a cor de todos seus pixels com branco.",
          "fullFile": "",
          "file": "",
          "beforeHooks": [],
          "afterHooks": [],
          "tests": [
            {
              "title": "Verifica se o botão tem o `id` denominado `clear-board`",
              "fullTitle": "9 - Crie um botão que, ao ser clicado, limpa o quadro preenchendo a cor de todos seus pixels com branco. Verifica se o botão tem o `id` denominado `clear-board`",
              "timedOut": null,
              "duration": 279,
              "state": "failed",
              "speed": null,
              "pass": false,
              "fail": true,
              "pending": false,
              "context": null,
              "code": "cy.get('#clear-board').should('be.visible');",
              "err": {
                "message": "Uncaught ReferenceError: let is not defined\n\nThis error originated from your application code, not from Cypress.\n\nWhen Cypress detects uncaught errors originating from your application it will automatically fail the current test.\n\nThis behavior is configurable, and you can choose to turn this off by listening to the 'uncaught:exception' event.\n\nhttps://on.cypress.io/uncaught-exception-from-application\n\nBecause this error occurred during a 'before each' hook we are skipping the remaining tests in the current suite: '9 - Crie um botão que, ao s...'",
                "estack": "Uncaught ReferenceError: let is not defined\n\nThis error originated from your application code, not from Cypress.\n\nWhen Cypress detects uncaught errors originating from your application it will automatically fail the current test.\n\nThis behavior is configurable, and you can choose to turn this off by listening to the 'uncaught:exception' event.\n\nhttps://on.cypress.io/uncaught-exception-from-application\n\nBecause this error occurred during a 'before each' hook we are skipping the remaining tests in the current suite: '9 - Crie um botão que, ao s...'\n    at http://localhost:40375/script.js:1:1",
                "diff": null
              },
              "uuid": "de34866b-8384-455e-94dd-ada8f2a36b9e",
              "parentUUID": "7a27bcb2-4388-472e-ae40-9393a37602a1",
              "isHook": false,
              "skipped": false
            },
            {
              "title": "Verifica se o botão está posicionado entre a paleta de cores e o quadro de pixels",
              "fullTitle": "9 - Crie um botão que, ao ser clicado, limpa o quadro preenchendo a cor de todos seus pixels com branco. Verifica se o botão está posicionado entre a paleta de cores e o quadro de pixels",
              "timedOut": null,
              "duration": 0,
              "state": "skipped",
              "speed": null,
              "pass": false,
              "fail": false,
              "pending": false,
              "context": null,
              "code": "cy.get('#color-palette').then(function (palette) {\n  cy.get('#clear-board').should('be.belowOf', palette);\n});\ncy.get('#clear-board').then(function (clearBtn) {\n  cy.get('#pixel-board').should('be.belowOf', clearBtn);\n});",
              "err": {},
              "uuid": "b9876530-f3f1-434d-a1d6-2f743fa66943",
              "parentUUID": "7a27bcb2-4388-472e-ae40-9393a37602a1",
              "isHook": false,
              "skipped": true
            },
            {
              "title": "Verifica se o texto do botão é 'Limpar'",
              "fullTitle": "9 - Crie um botão que, ao ser clicado, limpa o quadro preenchendo a cor de todos seus pixels com branco. Verifica se o texto do botão é 'Limpar'",
              "timedOut": null,
              "duration": 0,
              "state": "skipped",
              "speed": null,
              "pass": false,
              "fail": false,
              "pending": false,
              "context": null,
              "code": "cy.get('#clear-board').should('contain.text', 'Limpar');",
              "err": {},
              "uuid": "cba1f127-82c5-40e8-b617-2e4f5fe25f0f",
              "parentUUID": "7a27bcb2-4388-472e-ae40-9393a37602a1",
              "isHook": false,
              "skipped": true
            },
            {
              "title": "Verifica se ao clicar no botão, o quadro de pixels é totalmente preenchido de branco",
              "fullTitle": "9 - Crie um botão que, ao ser clicado, limpa o quadro preenchendo a cor de todos seus pixels com branco. Verifica se ao clicar no botão, o quadro de pixels é totalmente preenchido de branco",
              "timedOut": null,
              "duration": 0,
              "state": "skipped",
              "speed": null,
              "pass": false,
              "fail": false,
              "pending": false,
              "context": null,
              "code": "cy.get('.color').eq(1).then(function (color) {\n  var backgroundColor = color.css('background-color');\n  cy.wrap(color).click();\n  cy.get('.pixel').each(function (pixel) {\n    cy.wrap(pixel).click().should('have.css', 'background-color', backgroundColor);\n  });\n});\ncy.get('#clear-board').click();\ncy.get('.pixel').each(function (pixel) {\n  cy.wrap(pixel).should('have.css', 'background-color', WHITE);\n});",
              "err": {},
              "uuid": "83f53be0-a556-4d9f-a1f8-fb467448e742",
              "parentUUID": "7a27bcb2-4388-472e-ae40-9393a37602a1",
              "isHook": false,
              "skipped": true
            }
          ],
          "suites": [],
          "passes": [],
          "failures": [
            "de34866b-8384-455e-94dd-ada8f2a36b9e"
          ],
          "pending": [],
          "skipped": [
            "b9876530-f3f1-434d-a1d6-2f743fa66943",
            "cba1f127-82c5-40e8-b617-2e4f5fe25f0f",
            "83f53be0-a556-4d9f-a1f8-fb467448e742"
          ],
          "duration": 279,
          "root": false,
          "rootEmpty": false,
          "_timeout": 2000
        },
        {
          "uuid": "55bc0aa9-15f8-49dc-aaaa-9aa786cf2208",
          "title": "10 - Faça o quadro de pixels ter seu tamanho definido pelo usuário.",
          "fullFile": "",
          "file": "",
          "beforeHooks": [],
          "afterHooks": [],
          "tests": [
            {
              "title": "Verifica se existe um input com o id `board-size`",
              "fullTitle": "10 - Faça o quadro de pixels ter seu tamanho definido pelo usuário. Verifica se existe um input com o id `board-size`",
              "timedOut": null,
              "duration": 269,
              "state": "failed",
              "speed": null,
              "pass": false,
              "fail": true,
              "pending": false,
              "context": null,
              "code": "cy.get('#board-size').should('be.visible');",
              "err": {
                "message": "Uncaught ReferenceError: let is not defined\n\nThis error originated from your application code, not from Cypress.\n\nWhen Cypress detects uncaught errors originating from your application it will automatically fail the current test.\n\nThis behavior is configurable, and you can choose to turn this off by listening to the 'uncaught:exception' event.\n\nhttps://on.cypress.io/uncaught-exception-from-application\n\nBecause this error occurred during a 'before each' hook we are skipping the remaining tests in the current suite: '10 - Faça o quadro de pixel...'",
                "estack": "Uncaught ReferenceError: let is not defined\n\nThis error originated from your application code, not from Cypress.\n\nWhen Cypress detects uncaught errors originating from your application it will automatically fail the current test.\n\nThis behavior is configurable, and you can choose to turn this off by listening to the 'uncaught:exception' event.\n\nhttps://on.cypress.io/uncaught-exception-from-application\n\nBecause this error occurred during a 'before each' hook we are skipping the remaining tests in the current suite: '10 - Faça o quadro de pixel...'\n    at http://localhost:40375/script.js:1:1",
                "diff": null
              },
              "uuid": "006f0e43-a4bc-41d1-8f14-364f76a6e114",
              "parentUUID": "55bc0aa9-15f8-49dc-aaaa-9aa786cf2208",
              "isHook": false,
              "skipped": false
            },
            {
              "title": "Verifica se existe um botão com o id `generate-board`",
              "fullTitle": "10 - Faça o quadro de pixels ter seu tamanho definido pelo usuário. Verifica se existe um botão com o id `generate-board`",
              "timedOut": null,
              "duration": 0,
              "state": "skipped",
              "speed": null,
              "pass": false,
              "fail": false,
              "pending": false,
              "context": null,
              "code": "cy.get('#generate-board').should('be.visible');",
              "err": {},
              "uuid": "9e3bc1fd-3289-4286-b13f-1d808c63583f",
              "parentUUID": "55bc0aa9-15f8-49dc-aaaa-9aa786cf2208",
              "isHook": false,
              "skipped": true
            },
            {
              "title": "Verifica se o input só aceita número maiores que zero. Essa restrição deve ser feita usando os atributos do elemento `input`",
              "fullTitle": "10 - Faça o quadro de pixels ter seu tamanho definido pelo usuário. Verifica se o input só aceita número maiores que zero. Essa restrição deve ser feita usando os atributos do elemento `input`",
              "timedOut": null,
              "duration": 0,
              "state": "skipped",
              "speed": null,
              "pass": false,
              "fail": false,
              "pending": false,
              "context": null,
              "code": "cy.get('#board-size[type=\\'number\\'][min=\\'1\\']');",
              "err": {},
              "uuid": "db53975a-2e27-4634-91be-050e8e4c33ee",
              "parentUUID": "55bc0aa9-15f8-49dc-aaaa-9aa786cf2208",
              "isHook": false,
              "skipped": true
            },
            {
              "title": "Verifica se o botão contém o texto 'VQV'",
              "fullTitle": "10 - Faça o quadro de pixels ter seu tamanho definido pelo usuário. Verifica se o botão contém o texto 'VQV'",
              "timedOut": null,
              "duration": 0,
              "state": "skipped",
              "speed": null,
              "pass": false,
              "fail": false,
              "pending": false,
              "context": null,
              "code": "cy.get('#generate-board').contains(/vqv/i);",
              "err": {},
              "uuid": "bcbed9c3-36b8-45f5-b9e6-a01c93c7f7e5",
              "parentUUID": "55bc0aa9-15f8-49dc-aaaa-9aa786cf2208",
              "isHook": false,
              "skipped": true
            },
            {
              "title": "Verifica se o input está posicionado entre a paleta de cores e o quadro de pixels",
              "fullTitle": "10 - Faça o quadro de pixels ter seu tamanho definido pelo usuário. Verifica se o input está posicionado entre a paleta de cores e o quadro de pixels",
              "timedOut": null,
              "duration": 0,
              "state": "skipped",
              "speed": null,
              "pass": false,
              "fail": false,
              "pending": false,
              "context": null,
              "code": "cy.get('#color-palette').then(function (palette) {\n  cy.get('#board-size').should('be.belowOf', palette);\n});\ncy.get('#board-size').then(function (palette) {\n  cy.get('#pixel-board').should('be.belowOf', palette);\n});",
              "err": {},
              "uuid": "2c5d5bea-3b27-41f9-b1e1-f3230ce47b2c",
              "parentUUID": "55bc0aa9-15f8-49dc-aaaa-9aa786cf2208",
              "isHook": false,
              "skipped": true
            },
            {
              "title": "Verifica se o botão está posicionado ao lado do input",
              "fullTitle": "10 - Faça o quadro de pixels ter seu tamanho definido pelo usuário. Verifica se o botão está posicionado ao lado do input",
              "timedOut": null,
              "duration": 0,
              "state": "skipped",
              "speed": null,
              "pass": false,
              "fail": false,
              "pending": false,
              "context": null,
              "code": "cy.get('#board-size').then(function (board) {\n  cy.get('#generate-board').should('be.onTheRightOf', board);\n});",
              "err": {},
              "uuid": "38ea35e6-87a3-4d30-9a92-8b298ba3807d",
              "parentUUID": "55bc0aa9-15f8-49dc-aaaa-9aa786cf2208",
              "isHook": false,
              "skipped": true
            },
            {
              "title": "Verifica se nenhum valor for colocado no input ao clicar no botão, um `alert` é exibido com o texto: 'Board inválido!'",
              "fullTitle": "10 - Faça o quadro de pixels ter seu tamanho definido pelo usuário. Verifica se nenhum valor for colocado no input ao clicar no botão, um `alert` é exibido com o texto: 'Board inválido!'",
              "timedOut": null,
              "duration": 0,
              "state": "skipped",
              "speed": null,
              "pass": false,
              "fail": false,
              "pending": false,
              "context": null,
              "code": "var alerted = false;\ncy.on('window:alert', function (msg) {\n  return alerted = msg;\n});\ncy.get('#generate-board').click().then(function () {\n  return expect(alerted).to.match(/Board inválido!/i);\n});",
              "err": {},
              "uuid": "22294ec2-7b75-4cfa-8950-0412a26a0af9",
              "parentUUID": "55bc0aa9-15f8-49dc-aaaa-9aa786cf2208",
              "isHook": false,
              "skipped": true
            },
            {
              "title": "Verifica se ao clicar no botão com um valor preenchido, o tamanho do board muda.",
              "fullTitle": "10 - Faça o quadro de pixels ter seu tamanho definido pelo usuário. Verifica se ao clicar no botão com um valor preenchido, o tamanho do board muda.",
              "timedOut": null,
              "duration": 0,
              "state": "skipped",
              "speed": null,
              "pass": false,
              "fail": false,
              "pending": false,
              "context": null,
              "code": "cy.get('#board-size').clear().type(10);\ncy.get('#generate-board').click();\ncy.get('.pixel').should('have.length', 100);",
              "err": {},
              "uuid": "36964174-305c-428b-9024-a3165700088c",
              "parentUUID": "55bc0aa9-15f8-49dc-aaaa-9aa786cf2208",
              "isHook": false,
              "skipped": true
            },
            {
              "title": "Verifica se o novo quadro tem todos os pixels preenchidos com a cor branca",
              "fullTitle": "10 - Faça o quadro de pixels ter seu tamanho definido pelo usuário. Verifica se o novo quadro tem todos os pixels preenchidos com a cor branca",
              "timedOut": null,
              "duration": 0,
              "state": "skipped",
              "speed": null,
              "pass": false,
              "fail": false,
              "pending": false,
              "context": null,
              "code": "cy.get('#board-size').clear().type(6);\ncy.get('#generate-board').click();\ncy.get('.pixel').should('have.length', 36).each(function (pixel) {\n  expect(pixel).to.have.css('background-color', WHITE);\n});",
              "err": {},
              "uuid": "e7f13960-839b-4772-ad67-ece2ff96459d",
              "parentUUID": "55bc0aa9-15f8-49dc-aaaa-9aa786cf2208",
              "isHook": false,
              "skipped": true
            }
          ],
          "suites": [],
          "passes": [],
          "failures": [
            "006f0e43-a4bc-41d1-8f14-364f76a6e114"
          ],
          "pending": [],
          "skipped": [
            "9e3bc1fd-3289-4286-b13f-1d808c63583f",
            "db53975a-2e27-4634-91be-050e8e4c33ee",
            "bcbed9c3-36b8-45f5-b9e6-a01c93c7f7e5",
            "2c5d5bea-3b27-41f9-b1e1-f3230ce47b2c",
            "38ea35e6-87a3-4d30-9a92-8b298ba3807d",
            "22294ec2-7b75-4cfa-8950-0412a26a0af9",
            "36964174-305c-428b-9024-a3165700088c",
            "e7f13960-839b-4772-ad67-ece2ff96459d"
          ],
          "duration": 269,
          "root": false,
          "rootEmpty": false,
          "_timeout": 2000
        },
        {
          "uuid": "d8518bf1-cee2-4940-8c9c-ad0aac489aed",
          "title": "11 - Limite o tamanho mínimo e máximo do board.",
          "fullFile": "",
          "file": "",
          "beforeHooks": [],
          "afterHooks": [],
          "tests": [
            {
              "title": "Verifica se a altura máxima do board é 50",
              "fullTitle": "11 - Limite o tamanho mínimo e máximo do board. Verifica se a altura máxima do board é 50",
              "timedOut": null,
              "duration": 237,
              "state": "failed",
              "speed": null,
              "pass": false,
              "fail": true,
              "pending": false,
              "context": null,
              "code": "cy.get('#board-size').clear().type(50);\ncy.get('#generate-board').click();\ncy.get('.pixel').should('have.length', 2500);",
              "err": {
                "message": "Uncaught ReferenceError: let is not defined\n\nThis error originated from your application code, not from Cypress.\n\nWhen Cypress detects uncaught errors originating from your application it will automatically fail the current test.\n\nThis behavior is configurable, and you can choose to turn this off by listening to the 'uncaught:exception' event.\n\nhttps://on.cypress.io/uncaught-exception-from-application\n\nBecause this error occurred during a 'before each' hook we are skipping the remaining tests in the current suite: '11 - Limite o tamanho mínim...'",
                "estack": "Uncaught ReferenceError: let is not defined\n\nThis error originated from your application code, not from Cypress.\n\nWhen Cypress detects uncaught errors originating from your application it will automatically fail the current test.\n\nThis behavior is configurable, and you can choose to turn this off by listening to the 'uncaught:exception' event.\n\nhttps://on.cypress.io/uncaught-exception-from-application\n\nBecause this error occurred during a 'before each' hook we are skipping the remaining tests in the current suite: '11 - Limite o tamanho mínim...'\n    at http://localhost:40375/script.js:1:1",
                "diff": null
              },
              "uuid": "e65fd054-5c34-47f5-8158-89ee3e2a3418",
              "parentUUID": "d8518bf1-cee2-4940-8c9c-ad0aac489aed",
              "isHook": false,
              "skipped": false
            },
            {
              "title": "Verifica se a altura do board é 5 quando um valor menor é colocado no input",
              "fullTitle": "11 - Limite o tamanho mínimo e máximo do board. Verifica se a altura do board é 5 quando um valor menor é colocado no input",
              "timedOut": null,
              "duration": 0,
              "state": "skipped",
              "speed": null,
              "pass": false,
              "fail": false,
              "pending": false,
              "context": null,
              "code": "cy.get('#board-size').clear().type(4);\ncy.get('#generate-board').click();\ncy.get('.pixel').should('have.length', 25);",
              "err": {},
              "uuid": "3d5c1a64-bae8-48de-9cc1-25ba247a1ca0",
              "parentUUID": "d8518bf1-cee2-4940-8c9c-ad0aac489aed",
              "isHook": false,
              "skipped": true
            },
            {
              "title": "Verifica se a altura do board é 50 quando um valor maior é colocado no input",
              "fullTitle": "11 - Limite o tamanho mínimo e máximo do board. Verifica se a altura do board é 50 quando um valor maior é colocado no input",
              "timedOut": null,
              "duration": 0,
              "state": "skipped",
              "speed": null,
              "pass": false,
              "fail": false,
              "pending": false,
              "context": null,
              "code": "cy.get('#board-size').clear().type(51);\ncy.get('#generate-board').click();\ncy.get('.pixel').should('have.length', 2500);",
              "err": {},
              "uuid": "de2ce19d-740c-40b6-a5cf-e49160603c71",
              "parentUUID": "d8518bf1-cee2-4940-8c9c-ad0aac489aed",
              "isHook": false,
              "skipped": true
            }
          ],
          "suites": [],
          "passes": [],
          "failures": [
            "e65fd054-5c34-47f5-8158-89ee3e2a3418"
          ],
          "pending": [],
          "skipped": [
            "3d5c1a64-bae8-48de-9cc1-25ba247a1ca0",
            "de2ce19d-740c-40b6-a5cf-e49160603c71"
          ],
          "duration": 237,
          "root": false,
          "rootEmpty": false,
          "_timeout": 2000
        },
        {
          "uuid": "789a45a5-c20a-4625-9e0b-37a6e81b8984",
          "title": "12 - Faça com que as cores da paleta sejam geradas aleatoriamente ao carregar a página.",
          "fullFile": "",
          "file": "",
          "beforeHooks": [],
          "afterHooks": [],
          "tests": [
            {
              "title": "Verifica se as cores geradas na paleta são diferentes a cada carregamento da página",
              "fullTitle": "12 - Faça com que as cores da paleta sejam geradas aleatoriamente ao carregar a página. Verifica se as cores geradas na paleta são diferentes a cada carregamento da página",
              "timedOut": null,
              "duration": 321,
              "state": "failed",
              "speed": null,
              "pass": false,
              "fail": true,
              "pending": false,
              "context": null,
              "code": "cy.get('.color').then(function (colors) {\n  var currentColors;\n  var previousColors;\n  previousColors = Array.from(colors).map(function (color) {\n    return Cypress.$(color).css('background-color');\n  });\n  for (var i = 0; i < 5; i += 1) {\n    cy.reload();\n    cy.get('.color').then(function (colors) {\n      currentColors = Array.from(colors).map(function (color) {\n        return Cypress.$(color).css('background-color');\n      });\n      expect(currentColors).not.to.deep.equal(previousColors);\n      previousColors = currentColors;\n    });\n  }\n});",
              "err": {
                "message": "Uncaught ReferenceError: let is not defined\n\nThis error originated from your application code, not from Cypress.\n\nWhen Cypress detects uncaught errors originating from your application it will automatically fail the current test.\n\nThis behavior is configurable, and you can choose to turn this off by listening to the 'uncaught:exception' event.\n\nhttps://on.cypress.io/uncaught-exception-from-application\n\nBecause this error occurred during a 'before each' hook we are skipping the remaining tests in the current suite: '12 - Faça com que as cores ...'",
                "estack": "Uncaught ReferenceError: let is not defined\n\nThis error originated from your application code, not from Cypress.\n\nWhen Cypress detects uncaught errors originating from your application it will automatically fail the current test.\n\nThis behavior is configurable, and you can choose to turn this off by listening to the 'uncaught:exception' event.\n\nhttps://on.cypress.io/uncaught-exception-from-application\n\nBecause this error occurred during a 'before each' hook we are skipping the remaining tests in the current suite: '12 - Faça com que as cores ...'\n    at http://localhost:40375/script.js:1:1",
                "diff": null
              },
              "uuid": "185d96f8-1dd4-49f7-999d-579cef4fe29e",
              "parentUUID": "789a45a5-c20a-4625-9e0b-37a6e81b8984",
              "isHook": false,
              "skipped": false
            },
            {
              "title": "Verifica se a cor preta ainda está presente e é a primeira na sua paleta de cores",
              "fullTitle": "12 - Faça com que as cores da paleta sejam geradas aleatoriamente ao carregar a página. Verifica se a cor preta ainda está presente e é a primeira na sua paleta de cores",
              "timedOut": null,
              "duration": 0,
              "state": "skipped",
              "speed": null,
              "pass": false,
              "fail": false,
              "pending": false,
              "context": null,
              "code": "cy.get('.color').then(function (colors) {\n  var currentColors;\n  var previousColors;\n  previousColors = Array.from(colors).map(function (color) {\n    return Cypress.$(color).css('background-color');\n  });\n  expect(previousColors[0]).to.eq(BLACK);\n  for (var i = 0; i < 5; i += 1) {\n    cy.reload();\n    cy.get('.color').then(function (colors) {\n      currentColors = Array.from(colors).map(function (color) {\n        return Cypress.$(color).css('background-color');\n      });\n      expect(currentColors[0]).to.eq(BLACK);\n      expect(currentColors).not.to.deep.equal(previousColors);\n      previousColors = currentColors;\n    });\n  }\n});",
              "err": {},
              "uuid": "042f9ef9-58c3-4bdb-9375-1e0192439b23",
              "parentUUID": "789a45a5-c20a-4625-9e0b-37a6e81b8984",
              "isHook": false,
              "skipped": true
            }
          ],
          "suites": [],
          "passes": [],
          "failures": [
            "185d96f8-1dd4-49f7-999d-579cef4fe29e"
          ],
          "pending": [],
          "skipped": [
            "042f9ef9-58c3-4bdb-9375-1e0192439b23"
          ],
          "duration": 321,
          "root": false,
          "rootEmpty": false,
          "_timeout": 2000
        }
      ],
      "passes": [],
      "failures": [],
      "pending": [],
      "skipped": [],
      "duration": 0,
      "root": true,
      "rootEmpty": true,
      "_timeout": 2000
    }
  ],
  "meta": {
    "mocha": {
      "version": "7.0.1"
    },
    "mochawesome": {
      "options": {
        "quiet": false,
        "reportFilename": "mochawesome",
        "saveHtml": false,
        "saveJson": true,
        "consoleReporter": "spec",
        "useInlineDiffs": false
      },
      "version": "4.1.0"
    },
    "marge": {
      "options": {
        "id": "default",
        "reportDir": "cypress/reports",
        "overwrite": true,
        "html": false,
        "json": true
      },
      "version": "4.1.0"
    }
  }
}